#
# There is insufficient memory for the Java Runtime Environment to continue.
# Native memory allocation (malloc) failed to allocate 32744 bytes for ChunkPool::allocate
# Possible reasons:
#   The system is out of physical RAM or swap space
#   The process is running with CompressedOops enabled, and the Java Heap may be blocking the growth of the native heap
# Possible solutions:
#   Reduce memory load on the system
#   Increase physical memory or swap space
#   Check if swap backing store is full
#   Decrease Java heap size (-Xmx/-Xms)
#   Decrease number of Java threads
#   Decrease Java thread stack sizes (-Xss)
#   Set larger code cache with -XX:ReservedCodeCacheSize=
#   JVM is running with Unscaled Compressed Oops mode in which the Java heap is
#     placed in the first 4GB address space. The Java Heap base address is the
#     maximum limit for the native heap growth. Please use -XX:HeapBaseMinAddress
#     to set the Java Heap base and to place the Java Heap above 4GB virtual address.
# This output file may be truncated or incomplete.
#
#  Out of Memory Error (arena.cpp:79), pid=14944, tid=13788
#
# JRE version: OpenJDK Runtime Environment Temurin-17.0.10+7 (17.0.10+7) (build 17.0.10+7)
# Java VM: OpenJDK 64-Bit Server VM Temurin-17.0.10+7 (17.0.10+7, mixed mode, tiered, compressed oops, compressed class ptrs, parallel gc, windows-amd64)
# No core dump will be written. Minidumps are not enabled by default on client versions of Windows
#

---------------  S U M M A R Y ------------

Command Line: --add-modules=ALL-SYSTEM --add-opens=java.base/java.util=ALL-UNNAMED --add-opens=java.base/java.lang=ALL-UNNAMED --add-opens=java.base/sun.nio.fs=ALL-UNNAMED -Declipse.application=org.eclipse.jdt.ls.core.id1 -Dosgi.bundles.defaultStartLevel=4 -Declipse.product=org.eclipse.jdt.ls.core.product -Djava.import.generatesMetadataFilesAtProjectRoot=false -DDetectVMInstallationsJob.disabled=true -Dfile.encoding=utf8 -XX:+UseParallelGC -XX:GCTimeRatio=4 -XX:AdaptiveSizePolicyWeight=90 -Dsun.zip.disableMemoryMapping=true -Xmx1G -Xms100m -Xlog:disable -javaagent:c:\Users\pc\.vscode\extensions\redhat.java-1.28.1-win32-x64\lombok\lombok-1.18.31.jar c:\Users\pc\.vscode\extensions\redhat.java-1.28.1-win32-x64\server\plugins\org.eclipse.equinox.launcher_1.6.700.v20231214-2017.jar -configuration c:\Users\pc\AppData\Roaming\Code\User\globalStorage\redhat.java\1.28.1\config_ss_win -data c:\Users\pc\AppData\Roaming\Code\User\workspaceStorage\4e7bfb1622b561004d36ef8b064f504d\redhat.java\ss_ws --stdio

Host: Intel(R) Core(TM) i5-4570S CPU @ 2.90GHz, 4 cores, 7G,  Windows 10 , 64 bit Build 19041 (10.0.19041.3636)
Time: Fri Mar 22 19:49:14 2024 India Standard Time elapsed time: 6.421961 seconds (0d 0h 0m 6s)

---------------  T H R E A D  ---------------

Current thread (0x0000020a3e616a90):  JavaThread "C2 CompilerThread0" daemon [_thread_in_native, id=13788, stack(0x00000062b0f00000,0x00000062b1000000)]


Current CompileTask:
C2:   6422 2326       4       org.lombokweb.asm.ClassReader::readMethod (1066 bytes)

Stack: [0x00000062b0f00000,0x00000062b1000000]
Native frames: (J=compiled Java code, j=interpreted, Vv=VM code, C=native code)
V  [jvm.dll+0x67d2c9]
V  [jvm.dll+0x834afa]
V  [jvm.dll+0x8365be]
V  [jvm.dll+0x836c23]
V  [jvm.dll+0x2477ff]
V  [jvm.dll+0xac711]
V  [jvm.dll+0xacb5c]
V  [jvm.dll+0x61ddd2]
V  [jvm.dll+0x3469f7]
V  [jvm.dll+0x111da6]
V  [jvm.dll+0x111b3c]
V  [jvm.dll+0x340a6c]
V  [jvm.dll+0x698496]
V  [jvm.dll+0x69817b]
V  [jvm.dll+0x693629]
V  [jvm.dll+0x68d71b]
V  [jvm.dll+0x68cd57]
V  [jvm.dll+0x68ac42]
V  [jvm.dll+0x1a828c]
V  [jvm.dll+0x1a8e56]
V  [jvm.dll+0x2adf34]
V  [jvm.dll+0x695755]
V  [jvm.dll+0x68d71b]
V  [jvm.dll+0x68cd57]
V  [jvm.dll+0x68ac42]
V  [jvm.dll+0x1a828c]
V  [jvm.dll+0x218ec8]
V  [jvm.dll+0x1a502d]
V  [jvm.dll+0x2290de]
V  [jvm.dll+0x2272ac]
V  [jvm.dll+0x7e9bb7]
V  [jvm.dll+0x7e3fba]
V  [jvm.dll+0x67c1b5]
C  [ucrtbase.dll+0x21bb2]
C  [KERNEL32.DLL+0x17344]
C  [ntdll.dll+0x526b1]


---------------  P R O C E S S  ---------------

Threads class SMR info:
_java_thread_list=0x0000020a44261480, length=20, elements={
0x0000020a2884d050, 0x0000020a2890dad0, 0x0000020a2890eae0, 0x0000020a3e608d30,
0x0000020a3e6096d0, 0x0000020a3e60a360, 0x0000020a3e615e90, 0x0000020a3e616a90,
0x0000020a4379b850, 0x0000020a4379e520, 0x0000020a288b02d0, 0x0000020a43a8b500,
0x0000020a441e53f0, 0x0000020a441bb0c0, 0x0000020a441d5700, 0x0000020a4431dd60,
0x0000020a44290d00, 0x0000020a44586310, 0x0000020a44586820, 0x0000020a44583070
}

Java Threads: ( => current thread )
  0x0000020a2884d050 JavaThread "main" [_thread_blocked, id=15260, stack(0x00000062b0600000,0x00000062b0700000)]
  0x0000020a2890dad0 JavaThread "Reference Handler" daemon [_thread_blocked, id=13632, stack(0x00000062b0900000,0x00000062b0a00000)]
  0x0000020a2890eae0 JavaThread "Finalizer" daemon [_thread_blocked, id=14376, stack(0x00000062b0a00000,0x00000062b0b00000)]
  0x0000020a3e608d30 JavaThread "Signal Dispatcher" daemon [_thread_blocked, id=14724, stack(0x00000062b0b00000,0x00000062b0c00000)]
  0x0000020a3e6096d0 JavaThread "Attach Listener" daemon [_thread_blocked, id=14340, stack(0x00000062b0c00000,0x00000062b0d00000)]
  0x0000020a3e60a360 JavaThread "Service Thread" daemon [_thread_blocked, id=13664, stack(0x00000062b0d00000,0x00000062b0e00000)]
  0x0000020a3e615e90 JavaThread "Monitor Deflation Thread" daemon [_thread_blocked, id=13952, stack(0x00000062b0e00000,0x00000062b0f00000)]
=>0x0000020a3e616a90 JavaThread "C2 CompilerThread0" daemon [_thread_in_native, id=13788, stack(0x00000062b0f00000,0x00000062b1000000)]
  0x0000020a4379b850 JavaThread "C1 CompilerThread0" daemon [_thread_blocked, id=13760, stack(0x00000062b1000000,0x00000062b1100000)]
  0x0000020a4379e520 JavaThread "Sweeper thread" daemon [_thread_blocked, id=13488, stack(0x00000062b1100000,0x00000062b1200000)]
  0x0000020a288b02d0 JavaThread "Common-Cleaner" daemon [_thread_blocked, id=14596, stack(0x00000062b1200000,0x00000062b1300000)]
  0x0000020a43a8b500 JavaThread "Notification Thread" daemon [_thread_blocked, id=14144, stack(0x00000062b1300000,0x00000062b1400000)]
  0x0000020a441e53f0 JavaThread "Active Thread: Equinox Container: 8a9e4874-f2b9-4ada-83f3-5828c0f38a84" [_thread_blocked, id=15248, stack(0x00000062b1800000,0x00000062b1900000)]
  0x0000020a441bb0c0 JavaThread "Framework Event Dispatcher: Equinox Container: 8a9e4874-f2b9-4ada-83f3-5828c0f38a84" daemon [_thread_blocked, id=14628, stack(0x00000062b1900000,0x00000062b1a00000)]
  0x0000020a441d5700 JavaThread "Start Level: Equinox Container: 8a9e4874-f2b9-4ada-83f3-5828c0f38a84" daemon [_thread_in_Java, id=15008, stack(0x00000062b1a00000,0x00000062b1b00000)]
  0x0000020a4431dd60 JavaThread "SCR Component Actor" daemon [_thread_blocked, id=15268, stack(0x00000062b1b00000,0x00000062b1c00000)]
  0x0000020a44290d00 JavaThread "SCR Component Registry" daemon [_thread_blocked, id=14772, stack(0x00000062b1c00000,0x00000062b1d00000)]
  0x0000020a44586310 JavaThread "Worker-JM" [_thread_blocked, id=14488, stack(0x00000062b1d00000,0x00000062b1e00000)]
  0x0000020a44586820 JavaThread "Worker-0" [_thread_blocked, id=14624, stack(0x00000062b1e00000,0x00000062b1f00000)]
  0x0000020a44583070 JavaThread "Worker-1" [_thread_blocked, id=7988, stack(0x00000062b1f00000,0x00000062b2000000)]

Other Threads:
  0x0000020a288d80d0 VMThread "VM Thread" [stack: 0x00000062b0800000,0x00000062b0900000] [id=13740]
  0x0000020a43a8a560 WatcherThread [stack: 0x00000062b1400000,0x00000062b1500000] [id=13752]
  0x0000020a288623d0 GCTaskThread "GC Thread#0" [stack: 0x00000062b0700000,0x00000062b0800000] [id=13568]
  0x0000020a43f12980 GCTaskThread "GC Thread#1" [stack: 0x00000062b1500000,0x00000062b1600000] [id=15328]
  0x0000020a43f13050 GCTaskThread "GC Thread#2" [stack: 0x00000062b1600000,0x00000062b1700000] [id=2152]
  0x0000020a43f13310 GCTaskThread "GC Thread#3" [stack: 0x00000062b1700000,0x00000062b1800000] [id=13984]

Threads with active compile tasks:
C2 CompilerThread0     6465 2326       4       org.lombokweb.asm.ClassReader::readMethod (1066 bytes)

VM state: not at safepoint (normal execution)

VM Mutex/Monitor currently owned by a thread: None

Heap address: 0x00000000c0000000, size: 1024 MB, Compressed Oops mode: 32-bit

CDS archive(s) not mapped
Compressed class space mapped at: 0x0000000100000000-0x0000000140000000, reserved size: 1073741824
Narrow klass base: 0x0000000000000000, Narrow klass shift: 3, Narrow klass range: 0x140000000

GC Precious Log:
 CPUs: 4 total, 4 available
 Memory: 8117M
 Large Page Support: Disabled
 NUMA Support: Disabled
 Compressed Oops: Enabled (32-bit)
 Alignments: Space 512K, Generation 512K, Heap 2M
 Heap Min Capacity: 100M
 Heap Initial Capacity: 100M
 Heap Max Capacity: 1G
 Pre-touch: Disabled
 Parallel Workers: 4

Heap:
 PSYoungGen      total 26112K, used 2944K [0x00000000eab00000, 0x00000000ec880000, 0x0000000100000000)
  eden space 25088K, 9% used [0x00000000eab00000,0x00000000ead35880,0x00000000ec380000)
  from space 1024K, 66% used [0x00000000ec400000,0x00000000ec4aaa50,0x00000000ec500000)
  to   space 2560K, 0% used [0x00000000ec600000,0x00000000ec600000,0x00000000ec880000)
 ParOldGen       total 68608K, used 6619K [0x00000000c0000000, 0x00000000c4300000, 0x00000000eab00000)
  object space 68608K, 9% used [0x00000000c0000000,0x00000000c0676e68,0x00000000c4300000)
 Metaspace       used 24486K, committed 24960K, reserved 1114112K
  class space    used 2399K, committed 2624K, reserved 1048576K

Card table byte_map: [0x0000020a3beb0000,0x0000020a3c0c0000] _byte_map_base: 0x0000020a3b8b0000

Marking Bits: (ParMarkBitMap*) 0x00007ffbe15bd7d0
 Begin Bits: [0x0000020a3c220000, 0x0000020a3d220000)
 End Bits:   [0x0000020a3d220000, 0x0000020a3e220000)

Polling page: 0x0000020a28910000

Metaspace:

Usage:
  Non-class:     21.57 MB used.
      Class:      2.34 MB used.
       Both:     23.91 MB used.

Virtual space:
  Non-class space:       64.00 MB reserved,      21.81 MB ( 34%) committed,  1 nodes.
      Class space:        1.00 GB reserved,       2.56 MB ( <1%) committed,  1 nodes.
             Both:        1.06 GB reserved,      24.38 MB (  2%) committed. 

Chunk freelists:
   Non-Class:  10.14 MB
       Class:  13.48 MB
        Both:  23.62 MB

MaxMetaspaceSize: unlimited
CompressedClassSpaceSize: 1.00 GB
Initial GC threshold: 21.00 MB
Current GC threshold: 35.00 MB
CDS: off
MetaspaceReclaimPolicy: balanced
 - commit_granule_bytes: 65536.
 - commit_granule_words: 8192.
 - virtual_space_node_default_size: 8388608.
 - enlarge_chunks_in_place: 1.
 - new_chunks_are_fully_committed: 0.
 - uncommit_free_chunks: 1.
 - use_allocation_guard: 0.
 - handle_deallocations: 1.


Internal statistics:

num_allocs_failed_limit: 3.
num_arena_births: 272.
num_arena_deaths: 14.
num_vsnodes_births: 2.
num_vsnodes_deaths: 0.
num_space_committed: 390.
num_space_uncommitted: 0.
num_chunks_returned_to_freelist: 17.
num_chunks_taken_from_freelist: 917.
num_chunk_merges: 5.
num_chunk_splits: 592.
num_chunks_enlarged: 398.
num_inconsistent_stats: 0.

CodeHeap 'non-profiled nmethods': size=120000Kb used=938Kb max_used=938Kb free=119062Kb
 bounds [0x0000020a34790000, 0x0000020a34a00000, 0x0000020a3bcc0000]
CodeHeap 'profiled nmethods': size=120000Kb used=4600Kb max_used=4600Kb free=115399Kb
 bounds [0x0000020a2ccc0000, 0x0000020a2d140000, 0x0000020a341f0000]
CodeHeap 'non-nmethods': size=5760Kb used=1208Kb max_used=1208Kb free=4551Kb
 bounds [0x0000020a341f0000, 0x0000020a34460000, 0x0000020a34790000]
 total_blobs=2849 nmethods=2330 adapters=433
 compilation: enabled
              stopped_count=0, restarted_count=0
 full_count=0

Compilation events (20 events):
Event: 6.402 Thread 0x0000020a4379b850 nmethod 2323 0x0000020a2d138690 code [0x0000020a2d138860, 0x0000020a2d138d38]
Event: 6.402 Thread 0x0000020a4379b850 2324       3       org.lombokweb.asm.ByteVector::putUTF8 (144 bytes)
Event: 6.402 Thread 0x0000020a3e616a90 2326       4       org.lombokweb.asm.ClassReader::readMethod (1066 bytes)
Event: 6.403 Thread 0x0000020a4379b850 nmethod 2324 0x0000020a2d138f10 code [0x0000020a2d139180, 0x0000020a2d139c88]
Event: 6.403 Thread 0x0000020a4379b850 2325       3       java.util.regex.Matcher::search (154 bytes)
Event: 6.403 Thread 0x0000020a4379b850 nmethod 2325 0x0000020a2d13a190 code [0x0000020a2d13a380, 0x0000020a2d13a948]
Event: 6.407 Thread 0x0000020a4379b850 2327   !   3       java.util.regex.Pattern::matcher (44 bytes)
Event: 6.407 Thread 0x0000020a4379b850 nmethod 2327 0x0000020a2d13ab90 code [0x0000020a2d13ad40, 0x0000020a2d13b098]
Event: 6.407 Thread 0x0000020a4379b850 2330       3       java.util.regex.Pattern$GroupHead::match (47 bytes)
Event: 6.407 Thread 0x0000020a4379b850 nmethod 2330 0x0000020a2d13b210 code [0x0000020a2d13b3c0, 0x0000020a2d13b628]
Event: 6.407 Thread 0x0000020a4379b850 2331       3       org.lombokweb.asm.MethodWriter::visitLineNumber (50 bytes)
Event: 6.408 Thread 0x0000020a4379b850 nmethod 2331 0x0000020a2d13b810 code [0x0000020a2d13b9e0, 0x0000020a2d13bdd8]
Event: 6.408 Thread 0x0000020a4379b850 2332       3       org.lombokweb.asm.MethodVisitor::visitVarInsn (17 bytes)
Event: 6.408 Thread 0x0000020a4379b850 nmethod 2332 0x0000020a2d13bf90 code [0x0000020a2d13c140, 0x0000020a2d13c348]
Event: 6.408 Thread 0x0000020a4379b850 2333       3       lombok.patcher.Hook::convertType (64 bytes)
Event: 6.408 Thread 0x0000020a4379b850 nmethod 2333 0x0000020a2d13c410 code [0x0000020a2d13c660, 0x0000020a2d13ce18]
Event: 6.408 Thread 0x0000020a4379b850 2334       3       org.lombokweb.asm.Symbol::getArgumentsAndReturnSizes (23 bytes)
Event: 6.408 Thread 0x0000020a4379b850 nmethod 2334 0x0000020a2d13d190 code [0x0000020a2d13d340, 0x0000020a2d13d4c8]
Event: 6.408 Thread 0x0000020a4379b850 2335       3       org.lombokweb.asm.MethodWriter::visitMethodInsn (191 bytes)
Event: 6.409 Thread 0x0000020a4379b850 nmethod 2335 0x0000020a2d13d590 code [0x0000020a2d13d7c0, 0x0000020a2d13dfc8]

GC Heap History (12 events):
Event: 1.875 GC heap before
{Heap before GC invocations=1 (full 0):
 PSYoungGen      total 29696K, used 25600K [0x00000000eab00000, 0x00000000ecc00000, 0x0000000100000000)
  eden space 25600K, 100% used [0x00000000eab00000,0x00000000ec400000,0x00000000ec400000)
  from space 4096K, 0% used [0x00000000ec800000,0x00000000ec800000,0x00000000ecc00000)
  to   space 4096K, 0% used [0x00000000ec400000,0x00000000ec400000,0x00000000ec800000)
 ParOldGen       total 68608K, used 0K [0x00000000c0000000, 0x00000000c4300000, 0x00000000eab00000)
  object space 68608K, 0% used [0x00000000c0000000,0x00000000c0000000,0x00000000c4300000)
 Metaspace       used 11012K, committed 11200K, reserved 1114112K
  class space    used 1098K, committed 1216K, reserved 1048576K
}
Event: 1.938 GC heap after
{Heap after GC invocations=1 (full 0):
 PSYoungGen      total 29696K, used 3173K [0x00000000eab00000, 0x00000000ecc00000, 0x0000000100000000)
  eden space 25600K, 0% used [0x00000000eab00000,0x00000000eab00000,0x00000000ec400000)
  from space 4096K, 77% used [0x00000000ec400000,0x00000000ec719710,0x00000000ec800000)
  to   space 4096K, 0% used [0x00000000ec800000,0x00000000ec800000,0x00000000ecc00000)
 ParOldGen       total 68608K, used 0K [0x00000000c0000000, 0x00000000c4300000, 0x00000000eab00000)
  object space 68608K, 0% used [0x00000000c0000000,0x00000000c0000000,0x00000000c4300000)
 Metaspace       used 11012K, committed 11200K, reserved 1114112K
  class space    used 1098K, committed 1216K, reserved 1048576K
}
Event: 3.605 GC heap before
{Heap before GC invocations=2 (full 0):
 PSYoungGen      total 29696K, used 28773K [0x00000000eab00000, 0x00000000ecc00000, 0x0000000100000000)
  eden space 25600K, 100% used [0x00000000eab00000,0x00000000ec400000,0x00000000ec400000)
  from space 4096K, 77% used [0x00000000ec400000,0x00000000ec719710,0x00000000ec800000)
  to   space 4096K, 0% used [0x00000000ec800000,0x00000000ec800000,0x00000000ecc00000)
 ParOldGen       total 68608K, used 0K [0x00000000c0000000, 0x00000000c4300000, 0x00000000eab00000)
  object space 68608K, 0% used [0x00000000c0000000,0x00000000c0000000,0x00000000c4300000)
 Metaspace       used 14924K, committed 15168K, reserved 1114112K
  class space    used 1516K, committed 1664K, reserved 1048576K
}
Event: 3.609 GC heap after
{Heap after GC invocations=2 (full 0):
 PSYoungGen      total 29696K, used 4089K [0x00000000eab00000, 0x00000000ecc00000, 0x0000000100000000)
  eden space 25600K, 0% used [0x00000000eab00000,0x00000000eab00000,0x00000000ec400000)
  from space 4096K, 99% used [0x00000000ec800000,0x00000000ecbfe650,0x00000000ecc00000)
  to   space 4096K, 0% used [0x00000000ec400000,0x00000000ec400000,0x00000000ec800000)
 ParOldGen       total 68608K, used 738K [0x00000000c0000000, 0x00000000c4300000, 0x00000000eab00000)
  object space 68608K, 1% used [0x00000000c0000000,0x00000000c00b8b60,0x00000000c4300000)
 Metaspace       used 14924K, committed 15168K, reserved 1114112K
  class space    used 1516K, committed 1664K, reserved 1048576K
}
Event: 5.104 GC heap before
{Heap before GC invocations=3 (full 0):
 PSYoungGen      total 29696K, used 29689K [0x00000000eab00000, 0x00000000ecc00000, 0x0000000100000000)
  eden space 25600K, 100% used [0x00000000eab00000,0x00000000ec400000,0x00000000ec400000)
  from space 4096K, 99% used [0x00000000ec800000,0x00000000ecbfe650,0x00000000ecc00000)
  to   space 4096K, 0% used [0x00000000ec400000,0x00000000ec400000,0x00000000ec800000)
 ParOldGen       total 68608K, used 738K [0x00000000c0000000, 0x00000000c4300000, 0x00000000eab00000)
  object space 68608K, 1% used [0x00000000c0000000,0x00000000c00b8b60,0x00000000c4300000)
 Metaspace       used 19986K, committed 20352K, reserved 1114112K
  class space    used 2038K, committed 2176K, reserved 1048576K
}
Event: 5.109 GC heap after
{Heap after GC invocations=3 (full 0):
 PSYoungGen      total 29696K, used 4088K [0x00000000eab00000, 0x00000000ecc00000, 0x0000000100000000)
  eden space 25600K, 0% used [0x00000000eab00000,0x00000000eab00000,0x00000000ec400000)
  from space 4096K, 99% used [0x00000000ec400000,0x00000000ec7fe338,0x00000000ec800000)
  to   space 4096K, 0% used [0x00000000ec800000,0x00000000ec800000,0x00000000ecc00000)
 ParOldGen       total 68608K, used 2487K [0x00000000c0000000, 0x00000000c4300000, 0x00000000eab00000)
  object space 68608K, 3% used [0x00000000c0000000,0x00000000c026de88,0x00000000c4300000)
 Metaspace       used 19986K, committed 20352K, reserved 1114112K
  class space    used 2038K, committed 2176K, reserved 1048576K
}
Event: 5.584 GC heap before
{Heap before GC invocations=4 (full 0):
 PSYoungGen      total 29696K, used 10729K [0x00000000eab00000, 0x00000000ecc00000, 0x0000000100000000)
  eden space 25600K, 25% used [0x00000000eab00000,0x00000000eb17c408,0x00000000ec400000)
  from space 4096K, 99% used [0x00000000ec400000,0x00000000ec7fe338,0x00000000ec800000)
  to   space 4096K, 0% used [0x00000000ec800000,0x00000000ec800000,0x00000000ecc00000)
 ParOldGen       total 68608K, used 2487K [0x00000000c0000000, 0x00000000c4300000, 0x00000000eab00000)
  object space 68608K, 3% used [0x00000000c0000000,0x00000000c026de88,0x00000000c4300000)
 Metaspace       used 21043K, committed 21504K, reserved 1114112K
  class space    used 2159K, committed 2368K, reserved 1048576K
}
Event: 5.588 GC heap after
{Heap after GC invocations=4 (full 0):
 PSYoungGen      total 29696K, used 4079K [0x00000000eab00000, 0x00000000ecc00000, 0x0000000100000000)
  eden space 25600K, 0% used [0x00000000eab00000,0x00000000eab00000,0x00000000ec400000)
  from space 4096K, 99% used [0x00000000ec800000,0x00000000ecbfbec0,0x00000000ecc00000)
  to   space 4096K, 0% used [0x00000000ec400000,0x00000000ec400000,0x00000000ec800000)
 ParOldGen       total 68608K, used 2735K [0x00000000c0000000, 0x00000000c4300000, 0x00000000eab00000)
  object space 68608K, 3% used [0x00000000c0000000,0x00000000c02abea8,0x00000000c4300000)
 Metaspace       used 21043K, committed 21504K, reserved 1114112K
  class space    used 2159K, committed 2368K, reserved 1048576K
}
Event: 5.588 GC heap before
{Heap before GC invocations=5 (full 1):
 PSYoungGen      total 29696K, used 4079K [0x00000000eab00000, 0x00000000ecc00000, 0x0000000100000000)
  eden space 25600K, 0% used [0x00000000eab00000,0x00000000eab00000,0x00000000ec400000)
  from space 4096K, 99% used [0x00000000ec800000,0x00000000ecbfbec0,0x00000000ecc00000)
  to   space 4096K, 0% used [0x00000000ec400000,0x00000000ec400000,0x00000000ec800000)
 ParOldGen       total 68608K, used 2735K [0x00000000c0000000, 0x00000000c4300000, 0x00000000eab00000)
  object space 68608K, 3% used [0x00000000c0000000,0x00000000c02abea8,0x00000000c4300000)
 Metaspace       used 21043K, committed 21504K, reserved 1114112K
  class space    used 2159K, committed 2368K, reserved 1048576K
}
Event: 5.609 GC heap after
{Heap after GC invocations=5 (full 1):
 PSYoungGen      total 29696K, used 0K [0x00000000eab00000, 0x00000000ecc00000, 0x0000000100000000)
  eden space 25600K, 0% used [0x00000000eab00000,0x00000000eab00000,0x00000000ec400000)
  from space 4096K, 0% used [0x00000000ec800000,0x00000000ec800000,0x00000000ecc00000)
  to   space 4096K, 0% used [0x00000000ec400000,0x00000000ec400000,0x00000000ec800000)
 ParOldGen       total 68608K, used 6611K [0x00000000c0000000, 0x00000000c4300000, 0x00000000eab00000)
  object space 68608K, 9% used [0x00000000c0000000,0x00000000c0674e68,0x00000000c4300000)
 Metaspace       used 21030K, committed 21504K, reserved 1114112K
  class space    used 2156K, committed 2368K, reserved 1048576K
}
Event: 6.409 GC heap before
{Heap before GC invocations=6 (full 1):
 PSYoungGen      total 29696K, used 25600K [0x00000000eab00000, 0x00000000ecc00000, 0x0000000100000000)
  eden space 25600K, 100% used [0x00000000eab00000,0x00000000ec400000,0x00000000ec400000)
  from space 4096K, 0% used [0x00000000ec800000,0x00000000ec800000,0x00000000ecc00000)
  to   space 4096K, 0% used [0x00000000ec400000,0x00000000ec400000,0x00000000ec800000)
 ParOldGen       total 68608K, used 6611K [0x00000000c0000000, 0x00000000c4300000, 0x00000000eab00000)
  object space 68608K, 9% used [0x00000000c0000000,0x00000000c0674e68,0x00000000c4300000)
 Metaspace       used 24090K, committed 24512K, reserved 1114112K
  class space    used 2359K, committed 2560K, reserved 1048576K
}
Event: 6.410 GC heap after
{Heap after GC invocations=6 (full 1):
 PSYoungGen      total 26112K, used 682K [0x00000000eab00000, 0x00000000ec880000, 0x0000000100000000)
  eden space 25088K, 0% used [0x00000000eab00000,0x00000000eab00000,0x00000000ec380000)
  from space 1024K, 66% used [0x00000000ec400000,0x00000000ec4aaa50,0x00000000ec500000)
  to   space 2560K, 0% used [0x00000000ec600000,0x00000000ec600000,0x00000000ec880000)
 ParOldGen       total 68608K, used 6619K [0x00000000c0000000, 0x00000000c4300000, 0x00000000eab00000)
  object space 68608K, 9% used [0x00000000c0000000,0x00000000c0676e68,0x00000000c4300000)
 Metaspace       used 24090K, committed 24512K, reserved 1114112K
  class space    used 2359K, committed 2560K, reserved 1048576K
}

Dll operation events (9 events):
Event: 0.058 Loaded shared library c:\Users\pc\.vscode\extensions\redhat.java-1.28.1-win32-x64\jre\17.0.10-win32-x86_64\bin\java.dll
Event: 0.586 Loaded shared library c:\Users\pc\.vscode\extensions\redhat.java-1.28.1-win32-x64\jre\17.0.10-win32-x86_64\bin\zip.dll
Event: 0.589 Loaded shared library C:\Users\pc\.vscode\extensions\redhat.java-1.28.1-win32-x64\jre\17.0.10-win32-x86_64\bin\instrument.dll
Event: 0.603 Loaded shared library C:\Users\pc\.vscode\extensions\redhat.java-1.28.1-win32-x64\jre\17.0.10-win32-x86_64\bin\net.dll
Event: 0.606 Loaded shared library C:\Users\pc\.vscode\extensions\redhat.java-1.28.1-win32-x64\jre\17.0.10-win32-x86_64\bin\nio.dll
Event: 0.653 Loaded shared library C:\Users\pc\.vscode\extensions\redhat.java-1.28.1-win32-x64\jre\17.0.10-win32-x86_64\bin\zip.dll
Event: 0.673 Loaded shared library C:\Users\pc\.vscode\extensions\redhat.java-1.28.1-win32-x64\jre\17.0.10-win32-x86_64\bin\jimage.dll
Event: 0.851 Loaded shared library c:\Users\pc\.vscode\extensions\redhat.java-1.28.1-win32-x64\jre\17.0.10-win32-x86_64\bin\verify.dll
Event: 3.218 Loaded shared library C:\Users\pc\AppData\Roaming\Code\User\globalStorage\redhat.java\1.28.1\config_ss_win\org.eclipse.equinox.launcher\org.eclipse.equinox.launcher.win32.win32.x86_64_1.2.900.v20240129-1338\eclipse_11900.dll

Deoptimization events (20 events):
Event: 4.708 Thread 0x0000020a441d5700 Uncommon trap: trap_request=0xffffff45 fr.pc=0x0000020a347ca5c0 relative=0x0000000000000e00
Event: 4.708 Thread 0x0000020a441d5700 Uncommon trap: reason=unstable_if action=reinterpret pc=0x0000020a347ca5c0 method=lombok.patcher.PatchScript.classMatches(Ljava/lang/String;Ljava/util/Collection;)Z @ 25 c2
Event: 4.708 Thread 0x0000020a441d5700 DEOPT PACKING pc=0x0000020a347ca5c0 sp=0x00000062b1af6eb0
Event: 4.708 Thread 0x0000020a441d5700 DEOPT UNPACKING pc=0x0000020a342466a3 sp=0x00000062b1af6e70 mode 2
Event: 4.913 Thread 0x0000020a441d5700 Uncommon trap: trap_request=0xffffff45 fr.pc=0x0000020a3485400c relative=0x0000000000000f6c
Event: 4.913 Thread 0x0000020a441d5700 Uncommon trap: reason=unstable_if action=reinterpret pc=0x0000020a3485400c method=java.util.Properties.loadConvert([CIILjava/lang/StringBuilder;)Ljava/lang/String; @ 491 c2
Event: 4.913 Thread 0x0000020a441d5700 DEOPT PACKING pc=0x0000020a3485400c sp=0x00000062b1af7bd0
Event: 4.913 Thread 0x0000020a441d5700 DEOPT UNPACKING pc=0x0000020a342466a3 sp=0x00000062b1af7bb0 mode 2
Event: 5.135 Thread 0x0000020a441d5700 Uncommon trap: trap_request=0xffffff45 fr.pc=0x0000020a3485c3cc relative=0x00000000000001ac
Event: 5.135 Thread 0x0000020a441d5700 Uncommon trap: reason=unstable_if action=reinterpret pc=0x0000020a3485c3cc method=java.net.URI$Parser.scan(IIJJ)I @ 42 c2
Event: 5.135 Thread 0x0000020a441d5700 DEOPT PACKING pc=0x0000020a3485c3cc sp=0x00000062b1af9400
Event: 5.135 Thread 0x0000020a441d5700 DEOPT UNPACKING pc=0x0000020a342466a3 sp=0x00000062b1af9380 mode 2
Event: 5.237 Thread 0x0000020a441d5700 Uncommon trap: trap_request=0xffffff45 fr.pc=0x0000020a3482b8c0 relative=0x0000000000000040
Event: 5.237 Thread 0x0000020a441d5700 Uncommon trap: reason=unstable_if action=reinterpret pc=0x0000020a3482b8c0 method=sun.nio.fs.WindowsPathParser.isSlash(C)Z @ 9 c2
Event: 5.237 Thread 0x0000020a441d5700 DEOPT PACKING pc=0x0000020a3482b8c0 sp=0x00000062b1af9240
Event: 5.237 Thread 0x0000020a441d5700 DEOPT UNPACKING pc=0x0000020a342466a3 sp=0x00000062b1af91c8 mode 2
Event: 5.609 Thread 0x0000020a441d5700 Uncommon trap: trap_request=0xffffff45 fr.pc=0x0000020a3482db1c relative=0x000000000000017c
Event: 5.609 Thread 0x0000020a441d5700 Uncommon trap: reason=unstable_if action=reinterpret pc=0x0000020a3482db1c method=java.util.concurrent.ConcurrentHashMap.get(Ljava/lang/Object;)Ljava/lang/Object; @ 76 c2
Event: 5.609 Thread 0x0000020a441d5700 DEOPT PACKING pc=0x0000020a3482db1c sp=0x00000062b1af6610
Event: 5.609 Thread 0x0000020a441d5700 DEOPT UNPACKING pc=0x0000020a342466a3 sp=0x00000062b1af6588 mode 2

Classes unloaded (7 events):
Event: 5.592 Thread 0x0000020a288d80d0 Unloading class 0x000000010021a400 'java/lang/invoke/LambdaForm$MH+0x000000010021a400'
Event: 5.592 Thread 0x0000020a288d80d0 Unloading class 0x000000010021a000 'java/lang/invoke/LambdaForm$MH+0x000000010021a000'
Event: 5.592 Thread 0x0000020a288d80d0 Unloading class 0x0000000100219c00 'java/lang/invoke/LambdaForm$MH+0x0000000100219c00'
Event: 5.592 Thread 0x0000020a288d80d0 Unloading class 0x0000000100219800 'java/lang/invoke/LambdaForm$MH+0x0000000100219800'
Event: 5.592 Thread 0x0000020a288d80d0 Unloading class 0x0000000100219400 'java/lang/invoke/LambdaForm$BMH+0x0000000100219400'
Event: 5.592 Thread 0x0000020a288d80d0 Unloading class 0x0000000100219000 'java/lang/invoke/LambdaForm$DMH+0x0000000100219000'
Event: 5.592 Thread 0x0000020a288d80d0 Unloading class 0x0000000100214400 'java/lang/invoke/LambdaForm$DMH+0x0000000100214400'

Classes redefined (0 events):
No events

Internal exceptions (20 events):
Event: 4.783 Thread 0x0000020a441d5700 Exception <a 'java/lang/NoSuchMethodError'{0x00000000ebf04ed0}: 'int java.lang.invoke.DirectMethodHandle$Holder.invokeStatic(java.lang.Object, java.lang.Object, int)'> (0x00000000ebf04ed0) 
thrown [s\src\hotspot\share\interpreter\linkResolver.cpp, line 759]
Event: 4.784 Thread 0x0000020a441d5700 Exception <a 'java/lang/NoSuchMethodError'{0x00000000ebf08ef8}: 'int java.lang.invoke.DirectMethodHandle$Holder.invokeSpecial(java.lang.Object, java.lang.Object, java.lang.Object, int)'> (0x00000000ebf08ef8) 
thrown [s\src\hotspot\share\interpreter\linkResolver.cpp, line 759]
Event: 4.786 Thread 0x0000020a441d5700 Exception <a 'java/lang/NoSuchMethodError'{0x00000000ebf24ef0}: 'java.lang.Object java.lang.invoke.DirectMethodHandle$Holder.invokeStatic(java.lang.Object, java.lang.Object, java.lang.Object, java.lang.Object, int)'> (0x00000000ebf24ef0) 
thrown [s\src\hotspot\share\interpreter\linkResolver.cpp, line 759]
Event: 4.787 Thread 0x0000020a441d5700 Exception <a 'java/lang/NoSuchMethodError'{0x00000000ebf30ee8}: 'java.lang.Object java.lang.invoke.DelegatingMethodHandle$Holder.reinvoke_L(java.lang.Object, java.lang.Object, java.lang.Object, java.lang.Object, int, int)'> (0x00000000ebf30ee8) 
thrown [s\src\hotspot\share\interpreter\linkResolver.cpp, line 759]
Event: 4.789 Thread 0x0000020a441d5700 Exception <a 'java/lang/NoSuchMethodError'{0x00000000ebf45560}: 'java.lang.Object java.lang.invoke.Invokers$Holder.invokeExact_MT(java.lang.Object, java.lang.Object, java.lang.Object, java.lang.Object)'> (0x00000000ebf45560) 
thrown [s\src\hotspot\share\interpreter\linkResolver.cpp, line 759]
Event: 4.982 Thread 0x0000020a441d5700 Exception <a 'java/io/FileNotFoundException'{0x00000000ec1c90e0}> (0x00000000ec1c90e0) 
thrown [s\src\hotspot\share\prims\jni.cpp, line 516]
Event: 4.982 Thread 0x0000020a441d5700 Exception <a 'java/io/FileNotFoundException'{0x00000000ec1d0258}> (0x00000000ec1d0258) 
thrown [s\src\hotspot\share\prims\jni.cpp, line 516]
Event: 5.125 Thread 0x0000020a441d5700 Exception <a 'java/lang/NoSuchMethodError'{0x00000000eab77320}: 'java.lang.Object java.lang.invoke.DirectMethodHandle$Holder.newInvokeSpecial(java.lang.Object, java.lang.Object, java.lang.Object, java.lang.Object, java.lang.Object)'> (0x00000000eab77320) 
thrown [s\src\hotspot\share\interpreter\linkResolver.cpp, line 759]
Event: 5.328 Thread 0x0000020a441d5700 Exception <a 'java/lang/NoSuchMethodError'{0x00000000eaf39e30}: 'java.lang.Object java.lang.invoke.DirectMethodHandle$Holder.invokeSpecial(java.lang.Object, java.lang.Object, java.lang.Object, long, java.lang.Object)'> (0x00000000eaf39e30) 
thrown [s\src\hotspot\share\interpreter\linkResolver.cpp, line 759]
Event: 5.331 Thread 0x0000020a441d5700 Exception <a 'java/lang/NoSuchMethodError'{0x00000000eaf41fe8}: 'java.lang.Object java.lang.invoke.DirectMethodHandle$Holder.newInvokeSpecial(java.lang.Object, java.lang.Object, java.lang.Object, long)'> (0x00000000eaf41fe8) 
thrown [s\src\hotspot\share\interpreter\linkResolver.cpp, line 759]
Event: 5.331 Thread 0x0000020a441d5700 Exception <a 'java/lang/NoSuchMethodError'{0x00000000eaf46588}: 'java.lang.Object java.lang.invoke.DirectMethodHandle$Holder.invokeSpecial(java.lang.Object, java.lang.Object, java.lang.Object, java.lang.Object, long)'> (0x00000000eaf46588) 
thrown [s\src\hotspot\share\interpreter\linkResolver.cpp, line 759]
Event: 5.332 Thread 0x0000020a441d5700 Exception <a 'java/lang/NoSuchMethodError'{0x00000000eaf4a400}: 'java.lang.Object java.lang.invoke.Invokers$Holder.linkToTargetMethod(java.lang.Object, java.lang.Object, long, java.lang.Object)'> (0x00000000eaf4a400) 
thrown [s\src\hotspot\share\interpreter\linkResolver.cpp, line 759]
Event: 5.497 Thread 0x0000020a441d5700 Exception <a 'java/lang/NoSuchMethodError'{0x00000000eafa83a8}: 'int java.lang.invoke.DirectMethodHandle$Holder.invokeStaticInit(java.lang.Object, java.lang.Object, java.lang.Object)'> (0x00000000eafa83a8) 
thrown [s\src\hotspot\share\interpreter\linkResolver.cpp, line 759]
Event: 5.502 Thread 0x0000020a441d5700 Exception <a 'java/lang/IncompatibleClassChangeError'{0x00000000eb033cb0}: Found class java.lang.Object, but interface was expected> (0x00000000eb033cb0) 
thrown [s\src\hotspot\share\interpreter\linkResolver.cpp, line 826]
Event: 5.508 Thread 0x0000020a441d5700 Exception <a 'java/lang/NoSuchMethodError'{0x00000000eb047280}: 'java.lang.Object java.lang.invoke.DirectMethodHandle$Holder.invokeSpecial(java.lang.Object, java.lang.Object, java.lang.Object, int, java.lang.Object, java.lang.Object)'> (0x00000000eb047280) 
thrown [s\src\hotspot\share\interpreter\linkResolver.cpp, line 759]
Event: 5.509 Thread 0x0000020a441d5700 Exception <a 'java/lang/NoSuchMethodError'{0x00000000eb04fa08}: 'java.lang.Object java.lang.invoke.DirectMethodHandle$Holder.newInvokeSpecial(java.lang.Object, java.lang.Object, java.lang.Object, int, java.lang.Object)'> (0x00000000eb04fa08) 
thrown [s\src\hotspot\share\interpreter\linkResolver.cpp, line 759]
Event: 5.510 Thread 0x0000020a441d5700 Exception <a 'java/lang/NoSuchMethodError'{0x00000000eb053e60}: 'java.lang.Object java.lang.invoke.DirectMethodHandle$Holder.invokeSpecial(java.lang.Object, java.lang.Object, java.lang.Object, java.lang.Object, int, java.lang.Object)'> (0x00000000eb053e60) 
thrown [s\src\hotspot\share\interpreter\linkResolver.cpp, line 759]
Event: 5.510 Thread 0x0000020a44586820 Exception <a 'java/lang/NoSuchMethodError'{0x00000000eafc5fa0}: 'java.lang.Object java.lang.invoke.DirectMethodHandle$Holder.invokeSpecial(java.lang.Object, java.lang.Object, int, java.lang.Object, java.lang.Object)'> (0x00000000eafc5fa0) 
thrown [s\src\hotspot\share\interpreter\linkResolver.cpp, line 759]
Event: 5.511 Thread 0x0000020a44586820 Exception <a 'java/lang/NoSuchMethodError'{0x00000000eafcd670}: 'java.lang.Object java.lang.invoke.DirectMethodHandle$Holder.newInvokeSpecial(java.lang.Object, java.lang.Object, int, java.lang.Object)'> (0x00000000eafcd670) 
thrown [s\src\hotspot\share\interpreter\linkResolver.cpp, line 759]
Event: 5.511 Thread 0x0000020a44586820 Exception <a 'java/lang/NoSuchMethodError'{0x00000000eafd1180}: 'java.lang.Object java.lang.invoke.DirectMethodHandle$Holder.invokeSpecial(java.lang.Object, java.lang.Object, java.lang.Object, int, java.lang.Object)'> (0x00000000eafd1180) 
thrown [s\src\hotspot\share\interpreter\linkResolver.cpp, line 759]

VM Operations (20 events):
Event: 3.503 Executing VM operation: HandshakeAllThreads
Event: 3.503 Executing VM operation: HandshakeAllThreads done
Event: 3.503 Executing VM operation: Cleanup
Event: 3.503 Executing VM operation: Cleanup done
Event: 3.605 Executing VM operation: ParallelGCFailedAllocation
Event: 3.609 Executing VM operation: ParallelGCFailedAllocation done
Event: 4.537 Executing VM operation: HandshakeAllThreads
Event: 4.537 Executing VM operation: HandshakeAllThreads done
Event: 4.778 Executing VM operation: HandshakeAllThreads
Event: 4.778 Executing VM operation: HandshakeAllThreads done
Event: 4.778 Executing VM operation: Cleanup
Event: 4.778 Executing VM operation: Cleanup done
Event: 5.104 Executing VM operation: ParallelGCFailedAllocation
Event: 5.109 Executing VM operation: ParallelGCFailedAllocation done
Event: 5.524 Executing VM operation: HandshakeAllThreads
Event: 5.582 Executing VM operation: HandshakeAllThreads done
Event: 5.584 Executing VM operation: CollectForMetadataAllocation
Event: 5.610 Executing VM operation: CollectForMetadataAllocation done
Event: 6.409 Executing VM operation: ParallelGCFailedAllocation
Event: 6.412 Executing VM operation: ParallelGCFailedAllocation done

Events (20 events):
Event: 5.822 loading class java/io/StringReader
Event: 5.822 loading class java/io/StringReader done
Event: 5.828 loading class java/util/zip/GZIPInputStream
Event: 5.828 loading class java/util/zip/GZIPInputStream done
Event: 5.834 loading class java/net/SocketTimeoutException
Event: 5.834 loading class java/io/InterruptedIOException
Event: 5.834 loading class java/io/InterruptedIOException done
Event: 5.834 loading class java/net/SocketTimeoutException done
Event: 5.834 loading class java/net/SocketException
Event: 5.834 loading class java/net/SocketException done
Event: 5.834 loading class java/net/UnknownHostException
Event: 5.834 loading class java/net/UnknownHostException done
Event: 5.834 loading class java/net/ProtocolException
Event: 5.834 loading class java/net/ProtocolException done
Event: 5.874 loading class java/lang/ThreadLocal$SuppliedThreadLocal
Event: 5.874 loading class java/lang/ThreadLocal$SuppliedThreadLocal done
Event: 6.241 loading class java/io/FileWriter
Event: 6.241 loading class java/io/FileWriter done
Event: 6.245 loading class java/lang/NegativeArraySizeException
Event: 6.245 loading class java/lang/NegativeArraySizeException done


Dynamic libraries:
0x00007ff668bc0000 - 0x00007ff668bce000 	c:\Users\pc\.vscode\extensions\redhat.java-1.28.1-win32-x64\jre\17.0.10-win32-x86_64\bin\java.exe
0x00007ffc52ff0000 - 0x00007ffc531e8000 	C:\Windows\SYSTEM32\ntdll.dll
0x00007ffc52560000 - 0x00007ffc5261d000 	C:\Windows\System32\KERNEL32.DLL
0x00007ffc50b40000 - 0x00007ffc50e36000 	C:\Windows\System32\KERNELBASE.dll
0x00007ffc50a40000 - 0x00007ffc50b40000 	C:\Windows\System32\ucrtbase.dll
0x00007ffc45450000 - 0x00007ffc45467000 	c:\Users\pc\.vscode\extensions\redhat.java-1.28.1-win32-x64\jre\17.0.10-win32-x86_64\bin\jli.dll
0x00007ffc518b0000 - 0x00007ffc51a4e000 	C:\Windows\System32\USER32.dll
0x00007ffc50fa0000 - 0x00007ffc50fc2000 	C:\Windows\System32\win32u.dll
0x00007ffc52620000 - 0x00007ffc5264b000 	C:\Windows\System32\GDI32.dll
0x00007ffc506a0000 - 0x00007ffc507b7000 	C:\Windows\System32\gdi32full.dll
0x00007ffc50e70000 - 0x00007ffc50f0d000 	C:\Windows\System32\msvcp_win.dll
0x00007ffc451c0000 - 0x00007ffc451db000 	c:\Users\pc\.vscode\extensions\redhat.java-1.28.1-win32-x64\jre\17.0.10-win32-x86_64\bin\VCRUNTIME140.dll
0x00007ffc36b00000 - 0x00007ffc36d9a000 	C:\Windows\WinSxS\amd64_microsoft.windows.common-controls_6595b64144ccf1df_6.0.19041.3636_none_60b6a03d71f818d5\COMCTL32.dll
0x00007ffc51b80000 - 0x00007ffc51c1e000 	C:\Windows\System32\msvcrt.dll
0x00007ffc52f00000 - 0x00007ffc52f32000 	C:\Windows\System32\IMM32.DLL
0x00007ffc49250000 - 0x00007ffc4925c000 	c:\Users\pc\.vscode\extensions\redhat.java-1.28.1-win32-x64\jre\17.0.10-win32-x86_64\bin\vcruntime140_1.dll
0x00007ffc15ad0000 - 0x00007ffc15b5d000 	c:\Users\pc\.vscode\extensions\redhat.java-1.28.1-win32-x64\jre\17.0.10-win32-x86_64\bin\msvcp140.dll
0x00007ffbe0a20000 - 0x00007ffbe1682000 	c:\Users\pc\.vscode\extensions\redhat.java-1.28.1-win32-x64\jre\17.0.10-win32-x86_64\bin\server\jvm.dll
0x00007ffc52d70000 - 0x00007ffc52e20000 	C:\Windows\System32\ADVAPI32.dll
0x00007ffc51ac0000 - 0x00007ffc51b60000 	C:\Windows\System32\sechost.dll
0x00007ffc51020000 - 0x00007ffc51145000 	C:\Windows\System32\RPCRT4.dll
0x00007ffc50e40000 - 0x00007ffc50e67000 	C:\Windows\System32\bcrypt.dll
0x00007ffc50500000 - 0x00007ffc5054b000 	C:\Windows\SYSTEM32\POWRPROF.dll
0x00007ffc49190000 - 0x00007ffc49199000 	C:\Windows\SYSTEM32\WSOCK32.dll
0x00007ffc51a50000 - 0x00007ffc51abb000 	C:\Windows\System32\WS2_32.dll
0x00007ffc4c270000 - 0x00007ffc4c297000 	C:\Windows\SYSTEM32\WINMM.dll
0x00007ffc47b90000 - 0x00007ffc47b9a000 	C:\Windows\SYSTEM32\VERSION.dll
0x00007ffc504e0000 - 0x00007ffc504f2000 	C:\Windows\SYSTEM32\UMPDC.dll
0x00007ffc4e570000 - 0x00007ffc4e582000 	C:\Windows\SYSTEM32\kernel.appcore.dll
0x00007ffc48010000 - 0x00007ffc4801a000 	c:\Users\pc\.vscode\extensions\redhat.java-1.28.1-win32-x64\jre\17.0.10-win32-x86_64\bin\jimage.dll
0x00007ffc40140000 - 0x00007ffc40324000 	C:\Windows\SYSTEM32\DBGHELP.DLL
0x00007ffc3f690000 - 0x00007ffc3f6c4000 	C:\Windows\SYSTEM32\dbgcore.DLL
0x00007ffc50f10000 - 0x00007ffc50f92000 	C:\Windows\System32\bcryptPrimitives.dll
0x00007ffc457c0000 - 0x00007ffc457ce000 	c:\Users\pc\.vscode\extensions\redhat.java-1.28.1-win32-x64\jre\17.0.10-win32-x86_64\bin\instrument.dll
0x00007ffc3e330000 - 0x00007ffc3e355000 	c:\Users\pc\.vscode\extensions\redhat.java-1.28.1-win32-x64\jre\17.0.10-win32-x86_64\bin\java.dll
0x00007ffc450c0000 - 0x00007ffc450d8000 	c:\Users\pc\.vscode\extensions\redhat.java-1.28.1-win32-x64\jre\17.0.10-win32-x86_64\bin\zip.dll
0x00007ffc51cd0000 - 0x00007ffc5243b000 	C:\Windows\System32\SHELL32.dll
0x00007ffc4e770000 - 0x00007ffc4ef0e000 	C:\Windows\SYSTEM32\windows.storage.dll
0x00007ffc52650000 - 0x00007ffc529a3000 	C:\Windows\System32\combase.dll
0x00007ffc50000000 - 0x00007ffc5002e000 	C:\Windows\SYSTEM32\Wldp.dll
0x00007ffc52b50000 - 0x00007ffc52c1d000 	C:\Windows\System32\OLEAUT32.dll
0x00007ffc51800000 - 0x00007ffc518ad000 	C:\Windows\System32\SHCORE.dll
0x00007ffc52e20000 - 0x00007ffc52e75000 	C:\Windows\System32\shlwapi.dll
0x00007ffc505d0000 - 0x00007ffc505f5000 	C:\Windows\SYSTEM32\profapi.dll
0x00007ffc42630000 - 0x00007ffc42649000 	C:\Users\pc\.vscode\extensions\redhat.java-1.28.1-win32-x64\jre\17.0.10-win32-x86_64\bin\net.dll
0x00007ffc49bf0000 - 0x00007ffc49cfa000 	C:\Windows\SYSTEM32\WINHTTP.dll
0x00007ffc4fd60000 - 0x00007ffc4fdca000 	C:\Windows\system32\mswsock.dll
0x00007ffc3b280000 - 0x00007ffc3b296000 	C:\Users\pc\.vscode\extensions\redhat.java-1.28.1-win32-x64\jre\17.0.10-win32-x86_64\bin\nio.dll
0x00007ffc45080000 - 0x00007ffc45090000 	c:\Users\pc\.vscode\extensions\redhat.java-1.28.1-win32-x64\jre\17.0.10-win32-x86_64\bin\verify.dll
0x00007ffc42520000 - 0x00007ffc4255e000 	C:\Users\pc\AppData\Roaming\Code\User\globalStorage\redhat.java\1.28.1\config_ss_win\org.eclipse.equinox.launcher\org.eclipse.equinox.launcher.win32.win32.x86_64_1.2.900.v20240129-1338\eclipse_11900.dll
0x00007ffc529c0000 - 0x00007ffc52aeb000 	C:\Windows\System32\ole32.dll

dbghelp: loaded successfully - version: 4.0.5 - missing functions: none
symbol engine: initialized successfully - sym options: 0x614 - pdb path: .;c:\Users\pc\.vscode\extensions\redhat.java-1.28.1-win32-x64\jre\17.0.10-win32-x86_64\bin;C:\Windows\SYSTEM32;C:\Windows\WinSxS\amd64_microsoft.windows.common-controls_6595b64144ccf1df_6.0.19041.3636_none_60b6a03d71f818d5;c:\Users\pc\.vscode\extensions\redhat.java-1.28.1-win32-x64\jre\17.0.10-win32-x86_64\bin\server;C:\Users\pc\AppData\Roaming\Code\User\globalStorage\redhat.java\1.28.1\config_ss_win\org.eclipse.equinox.launcher\org.eclipse.equinox.launcher.win32.win32.x86_64_1.2.900.v20240129-1338

VM Arguments:
jvm_args: --add-modules=ALL-SYSTEM --add-opens=java.base/java.util=ALL-UNNAMED --add-opens=java.base/java.lang=ALL-UNNAMED --add-opens=java.base/sun.nio.fs=ALL-UNNAMED -Declipse.application=org.eclipse.jdt.ls.core.id1 -Dosgi.bundles.defaultStartLevel=4 -Declipse.product=org.eclipse.jdt.ls.core.product -Djava.import.generatesMetadataFilesAtProjectRoot=false -DDetectVMInstallationsJob.disabled=true -Dfile.encoding=utf8 -XX:+UseParallelGC -XX:GCTimeRatio=4 -XX:AdaptiveSizePolicyWeight=90 -Dsun.zip.disableMemoryMapping=true -Xmx1G -Xms100m -Xlog:disable -javaagent:c:\Users\pc\.vscode\extensions\redhat.java-1.28.1-win32-x64\lombok\lombok-1.18.31.jar 
java_command: c:\Users\pc\.vscode\extensions\redhat.java-1.28.1-win32-x64\server\plugins\org.eclipse.equinox.launcher_1.6.700.v20231214-2017.jar -configuration c:\Users\pc\AppData\Roaming\Code\User\globalStorage\redhat.java\1.28.1\config_ss_win -data c:\Users\pc\AppData\Roaming\Code\User\workspaceStorage\4e7bfb1622b561004d36ef8b064f504d\redhat.java\ss_ws --stdio
java_class_path (initial): c:\Users\pc\.vscode\extensions\redhat.java-1.28.1-win32-x64\server\plugins\org.eclipse.equinox.launcher_1.6.700.v20231214-2017.jar
Launcher Type: SUN_STANDARD

[Global flags]
    uintx AdaptiveSizePolicyWeight                 = 90                                        {product} {command line}
     intx CICompilerCount                          = 3                                         {product} {ergonomic}
    uintx GCTimeRatio                              = 4                                         {product} {command line}
   size_t InitialHeapSize                          = 104857600                                 {product} {command line}
   size_t MaxHeapSize                              = 1073741824                                {product} {command line}
   size_t MaxNewSize                               = 357564416                                 {product} {ergonomic}
   size_t MinHeapDeltaBytes                        = 524288                                    {product} {ergonomic}
   size_t MinHeapSize                              = 104857600                                 {product} {command line}
   size_t NewSize                                  = 34603008                                  {product} {ergonomic}
    uintx NonNMethodCodeHeapSize                   = 5832780                                {pd product} {ergonomic}
    uintx NonProfiledCodeHeapSize                  = 122912730                              {pd product} {ergonomic}
   size_t OldSize                                  = 70254592                                  {product} {ergonomic}
    uintx ProfiledCodeHeapSize                     = 122912730                              {pd product} {ergonomic}
    uintx ReservedCodeCacheSize                    = 251658240                              {pd product} {ergonomic}
     bool SegmentedCodeCache                       = true                                      {product} {ergonomic}
   size_t SoftMaxHeapSize                          = 1073741824                             {manageable} {ergonomic}
     bool UseCompressedClassPointers               = true                           {product lp64_product} {ergonomic}
     bool UseCompressedOops                        = true                           {product lp64_product} {ergonomic}
     bool UseLargePagesIndividualAllocation        = false                                  {pd product} {ergonomic}
     bool UseParallelGC                            = true                                      {product} {command line}

Logging:
Log output configuration:
 #0: stdout all=off uptime,level,tags
 #1: stderr all=off uptime,level,tags

Environment Variables:
PATH=C:\Program Files\Common Files\Oracle\Java\javapath;C:\Windows\system32;C:\Windows;C:\Windows\System32\Wbem;C:\Windows\System32\WindowsPowerShell\v1.0\;C:\Windows\System32\OpenSSH\;C:\Program Files\Java\jdk-19\bin;C:\Program Files\MySQL\MySQL Server 8.0\bin;C:\Program Files\MySQL\MySQL Shell 8.0\bin;C:\Program Files\Git\cmd;C:\Program Files\MySQL\MySQL Shell 8.0\bin\;C:\Users\pc\AppData\Local\Microsoft\WindowsApps;C:\Users\pc\AppData\Local\Programs\Microsoft VS Code\bin;C:\Program Files\MySQL\MySQL Server 8.0\bin;C:\MinGW\bin;C:\javafx\lib;
USERNAME=pc
OS=Windows_NT
PROCESSOR_IDENTIFIER=Intel64 Family 6 Model 60 Stepping 3, GenuineIntel
TMP=C:\Users\pc\AppData\Local\Temp
TEMP=C:\Users\pc\AppData\Local\Temp



Periodic native trim disabled


---------------  S Y S T E M  ---------------

OS:
 Windows 10 , 64 bit Build 19041 (10.0.19041.3636)
OS uptime: 1 days 9:48 hours

CPU: total 4 (initial active 4) (4 cores per cpu, 1 threads per core) family 6 model 60 stepping 3 microcode 0x27, cx8, cmov, fxsr, mmx, sse, sse2, sse3, ssse3, sse4.1, sse4.2, popcnt, lzcnt, tsc, tscinvbit, avx, avx2, aes, erms, clmul, bmi1, bmi2, fma, vzeroupper, clflush
Processor Information for all 4 processors :
  Max Mhz: 2901, Current Mhz: 2901, Mhz Limit: 2901

Memory: 4k page, system-wide physical 8117M (396M free)
TotalPageFile size 10165M (AvailPageFile size 2M)
current process WorkingSet (physical memory assigned to process): 110M, peak: 110M
current process commit charge ("private bytes"): 206M, peak: 207M

vm_info: OpenJDK 64-Bit Server VM (17.0.10+7) for windows-amd64 JRE (17.0.10+7), built on Jan 16 2024 23:25:11 by "admin" with MS VC++ 16.10 / 16.11 (VS2019)

END.
